{"/Users/juansalas/Documents/Beng Software Engineering/Winter 2022 Semester/SOEN 390/22-SOEN390/back-end/api/responses/expired.js":{"path":"/Users/juansalas/Documents/Beng Software Engineering/Winter 2022 Semester/SOEN 390/22-SOEN390/back-end/api/responses/expired.js","s":{"1":1,"2":0,"3":0,"4":0,"5":0,"6":0,"7":0},"b":{"1":[0,0]},"f":{"1":0},"fnMap":{"1":{"name":"expired","line":23,"loc":{"start":{"line":23,"column":17},"end":{"line":23,"column":36}}}},"statementMap":{"1":{"start":{"line":23,"column":0},"end":{"line":37,"column":2}},"2":{"start":{"line":25,"column":2},"end":{"line":25,"column":21}},"3":{"start":{"line":26,"column":2},"end":{"line":26,"column":21}},"4":{"start":{"line":28,"column":2},"end":{"line":28,"column":58}},"5":{"start":{"line":30,"column":2},"end":{"line":35,"column":3}},"6":{"start":{"line":31,"column":4},"end":{"line":31,"column":57}},"7":{"start":{"line":34,"column":4},"end":{"line":34,"column":39}}},"branchMap":{"1":{"line":30,"type":"if","locations":[{"start":{"line":30,"column":2},"end":{"line":30,"column":2}},{"start":{"line":30,"column":2},"end":{"line":30,"column":2}}]}}},"/Users/juansalas/Documents/Beng Software Engineering/Winter 2022 Semester/SOEN 390/22-SOEN390/back-end/api/responses/unauthorized.js":{"path":"/Users/juansalas/Documents/Beng Software Engineering/Winter 2022 Semester/SOEN 390/22-SOEN390/back-end/api/responses/unauthorized.js","s":{"1":1,"2":0,"3":0,"4":0},"b":{},"f":{"1":0},"fnMap":{"1":{"name":"unauthorized","line":23,"loc":{"start":{"line":23,"column":17},"end":{"line":23,"column":41}}}},"statementMap":{"1":{"start":{"line":23,"column":0},"end":{"line":29,"column":2}},"2":{"start":{"line":24,"column":2},"end":{"line":24,"column":21}},"3":{"start":{"line":26,"column":2},"end":{"line":26,"column":63}},"4":{"start":{"line":28,"column":2},"end":{"line":28,"column":29}}},"branchMap":{}},"/Users/juansalas/Documents/Beng Software Engineering/Winter 2022 Semester/SOEN 390/22-SOEN390/back-end/api/models/User.js":{"path":"/Users/juansalas/Documents/Beng Software Engineering/Winter 2022 Semester/SOEN 390/22-SOEN390/back-end/api/models/User.js","s":{"1":1,"2":1,"3":3,"4":3,"5":3,"6":3},"b":{"1":[3,0],"2":[3,3]},"f":{"1":1,"2":3},"fnMap":{"1":{"name":"(anonymous_1)","line":121,"loc":{"start":{"line":121,"column":16},"end":{"line":121,"column":28}}},"2":{"name":"(anonymous_2)","line":132,"loc":{"start":{"line":132,"column":16},"end":{"line":132,"column":42}}}},"statementMap":{"1":{"start":{"line":7,"column":0},"end":{"line":141,"column":2}},"2":{"start":{"line":122,"column":4},"end":{"line":129,"column":7}},"3":{"start":{"line":133,"column":4},"end":{"line":135,"column":5}},"4":{"start":{"line":134,"column":6},"end":{"line":134,"column":59}},"5":{"start":{"line":137,"column":4},"end":{"line":137,"column":56}},"6":{"start":{"line":139,"column":4},"end":{"line":139,"column":25}}},"branchMap":{"1":{"line":133,"type":"if","locations":[{"start":{"line":133,"column":4},"end":{"line":133,"column":4}},{"start":{"line":133,"column":4},"end":{"line":133,"column":4}}]},"2":{"line":133,"type":"binary-expr","locations":[{"start":{"line":133,"column":8},"end":{"line":133,"column":22}},{"start":{"line":133,"column":26},"end":{"line":133,"column":39}}]}}},"/Users/juansalas/Documents/Beng Software Engineering/Winter 2022 Semester/SOEN 390/22-SOEN390/back-end/api/controllers/AuthController.js":{"path":"/Users/juansalas/Documents/Beng Software Engineering/Winter 2022 Semester/SOEN 390/22-SOEN390/back-end/api/controllers/AuthController.js","s":{"1":1,"2":1,"3":0,"4":0,"5":0,"6":0,"7":0,"8":0,"9":0,"10":0},"b":{"1":[0,0],"2":[0,0],"3":[0,0]},"f":{},"fnMap":{},"statementMap":{"1":{"start":{"line":1,"column":0},"end":{"line":1,"column":35}},"2":{"start":{"line":3,"column":0},"end":{"line":35,"column":2}},"3":{"start":{"line":5,"column":4},"end":{"line":33,"column":17}},"4":{"start":{"line":6,"column":6},"end":{"line":13,"column":7}},"5":{"start":{"line":7,"column":8},"end":{"line":12,"column":11}},"6":{"start":{"line":22,"column":6},"end":{"line":32,"column":9}},"7":{"start":{"line":23,"column":8},"end":{"line":23,"column":50}},"8":{"start":{"line":23,"column":17},"end":{"line":23,"column":50}},"9":{"start":{"line":24,"column":8},"end":{"line":24,"column":24}},"10":{"start":{"line":26,"column":8},"end":{"line":31,"column":11}}},"branchMap":{"1":{"line":6,"type":"if","locations":[{"start":{"line":6,"column":6},"end":{"line":6,"column":6}},{"start":{"line":6,"column":6},"end":{"line":6,"column":6}}]},"2":{"line":6,"type":"binary-expr","locations":[{"start":{"line":6,"column":10},"end":{"line":6,"column":13}},{"start":{"line":6,"column":17},"end":{"line":6,"column":22}}]},"3":{"line":23,"type":"if","locations":[{"start":{"line":23,"column":8},"end":{"line":23,"column":8}},{"start":{"line":23,"column":8},"end":{"line":23,"column":8}}]}}},"/Users/juansalas/Documents/Beng Software Engineering/Winter 2022 Semester/SOEN 390/22-SOEN390/back-end/api/controllers/UserController.js":{"path":"/Users/juansalas/Documents/Beng Software Engineering/Winter 2022 Semester/SOEN 390/22-SOEN390/back-end/api/controllers/UserController.js","s":{"1":1,"2":1,"3":1,"4":1,"5":0,"6":0,"7":0,"8":0,"9":0},"b":{},"f":{},"fnMap":{},"statementMap":{"1":{"start":{"line":7,"column":0},"end":{"line":7,"column":65}},"2":{"start":{"line":9,"column":0},"end":{"line":35,"column":2}},"3":{"start":{"line":11,"column":4},"end":{"line":18,"column":9}},"4":{"start":{"line":14,"column":8},"end":{"line":14,"column":42}},"5":{"start":{"line":17,"column":8},"end":{"line":17,"column":41}},"6":{"start":{"line":22,"column":4},"end":{"line":29,"column":9}},"7":{"start":{"line":25,"column":8},"end":{"line":25,"column":42}},"8":{"start":{"line":28,"column":8},"end":{"line":28,"column":41}},"9":{"start":{"line":33,"column":4},"end":{"line":33,"column":35}}},"branchMap":{}}}