{"/Users/juansalas/Documents/Beng Software Engineering/Winter 2022 Semester/SOEN 390/22-SOEN390/back-end/api/responses/expired.js":{"path":"/Users/juansalas/Documents/Beng Software Engineering/Winter 2022 Semester/SOEN 390/22-SOEN390/back-end/api/responses/expired.js","s":{"1":1,"2":0,"3":0,"4":0,"5":0,"6":0,"7":0},"b":{"1":[0,0]},"f":{"1":0},"fnMap":{"1":{"name":"expired","line":23,"loc":{"start":{"line":23,"column":17},"end":{"line":23,"column":36}}}},"statementMap":{"1":{"start":{"line":23,"column":0},"end":{"line":37,"column":2}},"2":{"start":{"line":25,"column":2},"end":{"line":25,"column":21}},"3":{"start":{"line":26,"column":2},"end":{"line":26,"column":21}},"4":{"start":{"line":28,"column":2},"end":{"line":28,"column":58}},"5":{"start":{"line":30,"column":2},"end":{"line":35,"column":3}},"6":{"start":{"line":31,"column":4},"end":{"line":31,"column":57}},"7":{"start":{"line":34,"column":4},"end":{"line":34,"column":39}}},"branchMap":{"1":{"line":30,"type":"if","locations":[{"start":{"line":30,"column":2},"end":{"line":30,"column":2}},{"start":{"line":30,"column":2},"end":{"line":30,"column":2}}]}}},"/Users/juansalas/Documents/Beng Software Engineering/Winter 2022 Semester/SOEN 390/22-SOEN390/back-end/api/responses/unauthorized.js":{"path":"/Users/juansalas/Documents/Beng Software Engineering/Winter 2022 Semester/SOEN 390/22-SOEN390/back-end/api/responses/unauthorized.js","s":{"1":1,"2":0,"3":0,"4":0},"b":{},"f":{"1":0},"fnMap":{"1":{"name":"unauthorized","line":23,"loc":{"start":{"line":23,"column":17},"end":{"line":23,"column":41}}}},"statementMap":{"1":{"start":{"line":23,"column":0},"end":{"line":29,"column":2}},"2":{"start":{"line":24,"column":2},"end":{"line":24,"column":21}},"3":{"start":{"line":26,"column":2},"end":{"line":26,"column":63}},"4":{"start":{"line":28,"column":2},"end":{"line":28,"column":29}}},"branchMap":{}},"/Users/juansalas/Documents/Beng Software Engineering/Winter 2022 Semester/SOEN 390/22-SOEN390/back-end/api/helpers/redact-user.js":{"path":"/Users/juansalas/Documents/Beng Software Engineering/Winter 2022 Semester/SOEN 390/22-SOEN390/back-end/api/helpers/redact-user.js","s":{"1":1,"2":0,"3":0,"4":0},"b":{"1":[0,0]},"f":{"1":0},"fnMap":{"1":{"name":"(anonymous_1)","line":23,"loc":{"start":{"line":23,"column":6},"end":{"line":23,"column":26}}}},"statementMap":{"1":{"start":{"line":1,"column":0},"end":{"line":32,"column":2}},"2":{"start":{"line":24,"column":4},"end":{"line":28,"column":5}},"3":{"start":{"line":25,"column":6},"end":{"line":27,"column":7}},"4":{"start":{"line":26,"column":8},"end":{"line":26,"column":30}}},"branchMap":{"1":{"line":25,"type":"if","locations":[{"start":{"line":25,"column":6},"end":{"line":25,"column":6}},{"start":{"line":25,"column":6},"end":{"line":25,"column":6}}]}}},"/Users/juansalas/Documents/Beng Software Engineering/Winter 2022 Semester/SOEN 390/22-SOEN390/back-end/api/models/User.js":{"path":"/Users/juansalas/Documents/Beng Software Engineering/Winter 2022 Semester/SOEN 390/22-SOEN390/back-end/api/models/User.js","s":{"1":1},"b":{},"f":{},"fnMap":{},"statementMap":{"1":{"start":{"line":7,"column":0},"end":{"line":104,"column":2}}},"branchMap":{}}}