TN:
SF:/Users/juansalas/Documents/Beng Software Engineering/Winter 2022 Semester/SOEN 390/22-SOEN390/back-end/api/responses/expired.js
FN:23,expired
FNF:1
FNH:0
FNDA:0,expired
DA:23,1
DA:25,0
DA:26,0
DA:28,0
DA:30,0
DA:31,0
DA:34,0
LF:7
LH:1
BRDA:30,1,0,0
BRDA:30,1,1,0
BRF:2
BRH:0
end_of_record
TN:
SF:/Users/juansalas/Documents/Beng Software Engineering/Winter 2022 Semester/SOEN 390/22-SOEN390/back-end/api/responses/unauthorized.js
FN:23,unauthorized
FNF:1
FNH:0
FNDA:0,unauthorized
DA:23,1
DA:24,0
DA:26,0
DA:28,0
LF:4
LH:1
BRF:0
BRH:0
end_of_record
TN:
SF:/Users/juansalas/Documents/Beng Software Engineering/Winter 2022 Semester/SOEN 390/22-SOEN390/back-end/api/models/User.js
FN:121,(anonymous_1)
FN:132,(anonymous_2)
FNF:2
FNH:2
FNDA:1,(anonymous_1)
FNDA:3,(anonymous_2)
DA:7,1
DA:122,1
DA:133,3
DA:134,3
DA:137,3
DA:139,3
LF:6
LH:6
BRDA:133,1,0,3
BRDA:133,1,1,0
BRDA:133,2,0,3
BRDA:133,2,1,3
BRF:4
BRH:3
end_of_record
TN:
SF:/Users/juansalas/Documents/Beng Software Engineering/Winter 2022 Semester/SOEN 390/22-SOEN390/back-end/api/controllers/AuthController.js
FNF:0
FNH:0
DA:1,1
DA:3,1
DA:5,0
DA:6,0
DA:7,0
DA:22,0
DA:23,0
DA:24,0
DA:26,0
LF:9
LH:2
BRDA:6,1,0,0
BRDA:6,1,1,0
BRDA:6,2,0,0
BRDA:6,2,1,0
BRDA:23,3,0,0
BRDA:23,3,1,0
BRF:6
BRH:0
end_of_record
TN:
SF:/Users/juansalas/Documents/Beng Software Engineering/Winter 2022 Semester/SOEN 390/22-SOEN390/back-end/api/controllers/UserController.js
FNF:0
FNH:0
DA:7,1
DA:9,1
DA:11,1
DA:14,1
DA:17,0
DA:22,0
DA:25,0
DA:28,0
DA:33,0
LF:9
LH:4
BRF:0
BRH:0
end_of_record
