TN:
SF:/Users/juansalas/Documents/Beng Software Engineering/Winter 2022 Semester/SOEN 390/22-SOEN390/back-end/api/responses/expired.js
FN:23,expired
FNF:1
FNH:0
FNDA:0,expired
DA:23,1
DA:25,0
DA:26,0
DA:28,0
DA:30,0
DA:31,0
DA:34,0
LF:7
LH:1
BRDA:30,1,0,0
BRDA:30,1,1,0
BRF:2
BRH:0
end_of_record
TN:
SF:/Users/juansalas/Documents/Beng Software Engineering/Winter 2022 Semester/SOEN 390/22-SOEN390/back-end/api/responses/unauthorized.js
FN:23,unauthorized
FNF:1
FNH:0
FNDA:0,unauthorized
DA:23,1
DA:24,0
DA:26,0
DA:28,0
LF:4
LH:1
BRF:0
BRH:0
end_of_record
TN:
SF:/Users/juansalas/Documents/Beng Software Engineering/Winter 2022 Semester/SOEN 390/22-SOEN390/back-end/api/helpers/redact-user.js
FN:23,(anonymous_1)
FNF:1
FNH:0
FNDA:0,(anonymous_1)
DA:1,1
DA:24,0
DA:25,0
DA:26,0
LF:4
LH:1
BRDA:25,1,0,0
BRDA:25,1,1,0
BRF:2
BRH:0
end_of_record
TN:
SF:/Users/juansalas/Documents/Beng Software Engineering/Winter 2022 Semester/SOEN 390/22-SOEN390/back-end/api/models/User.js
FNF:0
FNH:0
DA:7,1
LF:1
LH:1
BRF:0
BRH:0
end_of_record
